C:\Users\STARBLUE\Documents\Visual Studio 2010\Projects\superraytracer\Debug\superraytracer.pdb
C:\USERS\STARBLUE\DOCUMENTS\VISUAL STUDIO 2010\PROJECTS\SUPERRAYTRACER\SUPERRAYTRACER\DEBUG\ASSIGN1.OBJ
C:\USERS\STARBLUE\DOCUMENTS\VISUAL STUDIO 2010\PROJECTS\SUPERRAYTRACER\SUPERRAYTRACER\DEBUG\ASSIGN2.OBJ
C:\USERS\STARBLUE\DOCUMENTS\VISUAL STUDIO 2010\PROJECTS\SUPERRAYTRACER\SUPERRAYTRACER\DEBUG\ASSIGN3.OBJ
C:\USERS\STARBLUE\DOCUMENTS\VISUAL STUDIO 2010\PROJECTS\SUPERRAYTRACER\SUPERRAYTRACER\DEBUG\CAMERA.OBJ
C:\Users\STARBLUE\Documents\Visual Studio 2010\Projects\superraytracer\superraytracer\Debug\cl.command.1.tlog
C:\Users\STARBLUE\Documents\Visual Studio 2010\Projects\superraytracer\superraytracer\Debug\CL.read.1.tlog
C:\Users\STARBLUE\Documents\Visual Studio 2010\Projects\superraytracer\superraytracer\Debug\CL.write.1.tlog
C:\USERS\STARBLUE\DOCUMENTS\VISUAL STUDIO 2010\PROJECTS\SUPERRAYTRACER\SUPERRAYTRACER\DEBUG\DECODER.OBJ
C:\USERS\STARBLUE\DOCUMENTS\VISUAL STUDIO 2010\PROJECTS\SUPERRAYTRACER\SUPERRAYTRACER\DEBUG\DEMO.OBJ
C:\USERS\STARBLUE\DOCUMENTS\VISUAL STUDIO 2010\PROJECTS\SUPERRAYTRACER\SUPERRAYTRACER\DEBUG\DEPTH.OBJ
C:\USERS\STARBLUE\DOCUMENTS\VISUAL STUDIO 2010\PROJECTS\SUPERRAYTRACER\SUPERRAYTRACER\DEBUG\GEOMETRY.OBJ
C:\USERS\STARBLUE\DOCUMENTS\VISUAL STUDIO 2010\PROJECTS\SUPERRAYTRACER\SUPERRAYTRACER\DEBUG\GL3W.OBJ
C:\USERS\STARBLUE\DOCUMENTS\VISUAL STUDIO 2010\PROJECTS\SUPERRAYTRACER\SUPERRAYTRACER\DEBUG\GLPROGRAM.OBJ
C:\USERS\STARBLUE\DOCUMENTS\VISUAL STUDIO 2010\PROJECTS\SUPERRAYTRACER\SUPERRAYTRACER\DEBUG\GLUTILS.OBJ
C:\USERS\STARBLUE\DOCUMENTS\VISUAL STUDIO 2010\PROJECTS\SUPERRAYTRACER\SUPERRAYTRACER\DEBUG\GOURAUD.OBJ
C:\Users\STARBLUE\Documents\Visual Studio 2010\Projects\superraytracer\superraytracer\Debug\kernel.cu.cache
C:\Users\STARBLUE\Documents\Visual Studio 2010\Projects\superraytracer\superraytracer\Debug\kernel.cu.obj
C:\Users\STARBLUE\Documents\Visual Studio 2010\Projects\superraytracer\superraytracer\Debug\link.command.1.tlog
C:\Users\STARBLUE\Documents\Visual Studio 2010\Projects\superraytracer\superraytracer\Debug\link.read.1.tlog
C:\Users\STARBLUE\Documents\Visual Studio 2010\Projects\superraytracer\superraytracer\Debug\link.write.1.tlog
C:\Users\STARBLUE\Documents\Visual Studio 2010\Projects\superraytracer\superraytracer\Debug\link-cvtres.read.1.tlog
C:\Users\STARBLUE\Documents\Visual Studio 2010\Projects\superraytracer\superraytracer\Debug\link-cvtres.write.1.tlog
C:\USERS\STARBLUE\DOCUMENTS\VISUAL STUDIO 2010\PROJECTS\SUPERRAYTRACER\SUPERRAYTRACER\DEBUG\MAIN.OBJ
C:\USERS\STARBLUE\DOCUMENTS\VISUAL STUDIO 2010\PROJECTS\SUPERRAYTRACER\SUPERRAYTRACER\DEBUG\MANAGER.OBJ
C:\USERS\STARBLUE\DOCUMENTS\VISUAL STUDIO 2010\PROJECTS\SUPERRAYTRACER\SUPERRAYTRACER\DEBUG\MATERIAL.OBJ
C:\USERS\STARBLUE\DOCUMENTS\VISUAL STUDIO 2010\PROJECTS\SUPERRAYTRACER\SUPERRAYTRACER\DEBUG\MESH.OBJ
C:\USERS\STARBLUE\DOCUMENTS\VISUAL STUDIO 2010\PROJECTS\SUPERRAYTRACER\SUPERRAYTRACER\DEBUG\OBJECT.OBJ
C:\USERS\STARBLUE\DOCUMENTS\VISUAL STUDIO 2010\PROJECTS\SUPERRAYTRACER\SUPERRAYTRACER\DEBUG\OCTAHEDRON.OBJ
C:\USERS\STARBLUE\DOCUMENTS\VISUAL STUDIO 2010\PROJECTS\SUPERRAYTRACER\SUPERRAYTRACER\DEBUG\PHONG.OBJ
C:\USERS\STARBLUE\DOCUMENTS\VISUAL STUDIO 2010\PROJECTS\SUPERRAYTRACER\SUPERRAYTRACER\DEBUG\PLANE.OBJ
C:\USERS\STARBLUE\DOCUMENTS\VISUAL STUDIO 2010\PROJECTS\SUPERRAYTRACER\SUPERRAYTRACER\DEBUG\PNG.OBJ
C:\USERS\STARBLUE\DOCUMENTS\VISUAL STUDIO 2010\PROJECTS\SUPERRAYTRACER\SUPERRAYTRACER\DEBUG\RAY.OBJ
C:\USERS\STARBLUE\DOCUMENTS\VISUAL STUDIO 2010\PROJECTS\SUPERRAYTRACER\SUPERRAYTRACER\DEBUG\RAYINTERSECTOR.OBJ
C:\Users\STARBLUE\Documents\Visual Studio 2010\Projects\superraytracer\superraytracer\Debug\rc.command.1.tlog
C:\Users\STARBLUE\Documents\Visual Studio 2010\Projects\superraytracer\superraytracer\Debug\rc.read.1.tlog
C:\Users\STARBLUE\Documents\Visual Studio 2010\Projects\superraytracer\superraytracer\Debug\rc.write.1.tlog
C:\USERS\STARBLUE\DOCUMENTS\VISUAL STUDIO 2010\PROJECTS\SUPERRAYTRACER\SUPERRAYTRACER\DEBUG\SCENE.OBJ
C:\USERS\STARBLUE\DOCUMENTS\VISUAL STUDIO 2010\PROJECTS\SUPERRAYTRACER\SUPERRAYTRACER\DEBUG\SHADER.OBJ
C:\USERS\STARBLUE\DOCUMENTS\VISUAL STUDIO 2010\PROJECTS\SUPERRAYTRACER\SUPERRAYTRACER\DEBUG\SHADOWMAP.OBJ
C:\USERS\STARBLUE\DOCUMENTS\VISUAL STUDIO 2010\PROJECTS\SUPERRAYTRACER\SUPERRAYTRACER\DEBUG\SIMPLE.OBJ
C:\USERS\STARBLUE\DOCUMENTS\VISUAL STUDIO 2010\PROJECTS\SUPERRAYTRACER\SUPERRAYTRACER\DEBUG\SPHERE.OBJ
C:\Users\STARBLUE\Documents\Visual Studio 2010\Projects\superraytracer\superraytracer\Debug\superraytracer.exe.embed.manifest
C:\USERS\STARBLUE\DOCUMENTS\VISUAL STUDIO 2010\PROJECTS\SUPERRAYTRACER\SUPERRAYTRACER\DEBUG\SUPERRAYTRACER.EXE.EMBED.MANIFEST.RES
C:\Users\STARBLUE\Documents\Visual Studio 2010\Projects\superraytracer\superraytracer\Debug\superraytracer.exe.intermediate.manifest
C:\Users\STARBLUE\Documents\Visual Studio 2010\Projects\superraytracer\superraytracer\Debug\superraytracer_manifest.rc
C:\USERS\STARBLUE\DOCUMENTS\VISUAL STUDIO 2010\PROJECTS\SUPERRAYTRACER\SUPERRAYTRACER\DEBUG\TEXTURE.OBJ
C:\USERS\STARBLUE\DOCUMENTS\VISUAL STUDIO 2010\PROJECTS\SUPERRAYTRACER\SUPERRAYTRACER\DEBUG\UI.OBJ
C:\Users\STARBLUE\Documents\Visual Studio 2010\Projects\superraytracer\superraytracer\Debug\vc100.idb
C:\USERS\STARBLUE\DOCUMENTS\VISUAL STUDIO 2010\PROJECTS\SUPERRAYTRACER\SUPERRAYTRACER\DEBUG\VC100.PDB
