C:\Users\STARBLUE\Documents\Visual Studio 2010\Projects\superraytracer\superraytracer\Debug\superraytracer.pdb
C:\Users\STARBLUE\Documents\Visual Studio 2010\Projects\superraytracer\superraytracer\superraytracer\Debug\cl.command.1.tlog
C:\Users\STARBLUE\Documents\Visual Studio 2010\Projects\superraytracer\superraytracer\superraytracer\Debug\CL.read.1.tlog
C:\Users\STARBLUE\Documents\Visual Studio 2010\Projects\superraytracer\superraytracer\superraytracer\Debug\CL.write.1.tlog
C:\Users\STARBLUE\Documents\Visual Studio 2010\Projects\superraytracer\superraytracer\superraytracer\Debug\kernel.cu.cache
C:\Users\STARBLUE\Documents\Visual Studio 2010\Projects\superraytracer\superraytracer\superraytracer\Debug\kernel.cu.obj
C:\Users\STARBLUE\Documents\Visual Studio 2010\Projects\superraytracer\superraytracer\superraytracer\Debug\link.2956.read.1.tlog
C:\Users\STARBLUE\Documents\Visual Studio 2010\Projects\superraytracer\superraytracer\superraytracer\Debug\link.2956.write.1.tlog
C:\Users\STARBLUE\Documents\Visual Studio 2010\Projects\superraytracer\superraytracer\superraytracer\Debug\link.2956-cvtres.read.1.tlog
C:\Users\STARBLUE\Documents\Visual Studio 2010\Projects\superraytracer\superraytracer\superraytracer\Debug\link.2956-cvtres.write.1.tlog
C:\Users\STARBLUE\Documents\Visual Studio 2010\Projects\superraytracer\superraytracer\superraytracer\Debug\link.316.read.1.tlog
C:\Users\STARBLUE\Documents\Visual Studio 2010\Projects\superraytracer\superraytracer\superraytracer\Debug\link.316.write.1.tlog
C:\Users\STARBLUE\Documents\Visual Studio 2010\Projects\superraytracer\superraytracer\superraytracer\Debug\link.316-cvtres.read.1.tlog
C:\Users\STARBLUE\Documents\Visual Studio 2010\Projects\superraytracer\superraytracer\superraytracer\Debug\link.316-cvtres.write.1.tlog
C:\Users\STARBLUE\Documents\Visual Studio 2010\Projects\superraytracer\superraytracer\superraytracer\Debug\link.3736.read.1.tlog
C:\Users\STARBLUE\Documents\Visual Studio 2010\Projects\superraytracer\superraytracer\superraytracer\Debug\link.3736.write.1.tlog
C:\Users\STARBLUE\Documents\Visual Studio 2010\Projects\superraytracer\superraytracer\superraytracer\Debug\link.3736-cvtres.read.1.tlog
C:\Users\STARBLUE\Documents\Visual Studio 2010\Projects\superraytracer\superraytracer\superraytracer\Debug\link.3736-cvtres.write.1.tlog
C:\Users\STARBLUE\Documents\Visual Studio 2010\Projects\superraytracer\superraytracer\superraytracer\Debug\link.3928.read.1.tlog
C:\Users\STARBLUE\Documents\Visual Studio 2010\Projects\superraytracer\superraytracer\superraytracer\Debug\link.3928.write.1.tlog
C:\Users\STARBLUE\Documents\Visual Studio 2010\Projects\superraytracer\superraytracer\superraytracer\Debug\link.3928-cvtres.read.1.tlog
C:\Users\STARBLUE\Documents\Visual Studio 2010\Projects\superraytracer\superraytracer\superraytracer\Debug\link.3928-cvtres.write.1.tlog
C:\Users\STARBLUE\Documents\Visual Studio 2010\Projects\superraytracer\superraytracer\superraytracer\Debug\link.5996.read.1.tlog
C:\Users\STARBLUE\Documents\Visual Studio 2010\Projects\superraytracer\superraytracer\superraytracer\Debug\link.5996.write.1.tlog
C:\Users\STARBLUE\Documents\Visual Studio 2010\Projects\superraytracer\superraytracer\superraytracer\Debug\link.5996-cvtres.read.1.tlog
C:\Users\STARBLUE\Documents\Visual Studio 2010\Projects\superraytracer\superraytracer\superraytracer\Debug\link.5996-cvtres.write.1.tlog
C:\Users\STARBLUE\Documents\Visual Studio 2010\Projects\superraytracer\superraytracer\superraytracer\Debug\link.6416.read.1.tlog
C:\Users\STARBLUE\Documents\Visual Studio 2010\Projects\superraytracer\superraytracer\superraytracer\Debug\link.6416.write.1.tlog
C:\Users\STARBLUE\Documents\Visual Studio 2010\Projects\superraytracer\superraytracer\superraytracer\Debug\link.6416-cvtres.read.1.tlog
C:\Users\STARBLUE\Documents\Visual Studio 2010\Projects\superraytracer\superraytracer\superraytracer\Debug\link.6416-cvtres.write.1.tlog
C:\Users\STARBLUE\Documents\Visual Studio 2010\Projects\superraytracer\superraytracer\superraytracer\Debug\link.6484.read.1.tlog
C:\Users\STARBLUE\Documents\Visual Studio 2010\Projects\superraytracer\superraytracer\superraytracer\Debug\link.6484.write.1.tlog
C:\Users\STARBLUE\Documents\Visual Studio 2010\Projects\superraytracer\superraytracer\superraytracer\Debug\link.6484-cvtres.read.1.tlog
C:\Users\STARBLUE\Documents\Visual Studio 2010\Projects\superraytracer\superraytracer\superraytracer\Debug\link.6484-cvtres.write.1.tlog
C:\Users\STARBLUE\Documents\Visual Studio 2010\Projects\superraytracer\superraytracer\superraytracer\Debug\link.6736.read.1.tlog
C:\Users\STARBLUE\Documents\Visual Studio 2010\Projects\superraytracer\superraytracer\superraytracer\Debug\link.6736.write.1.tlog
C:\Users\STARBLUE\Documents\Visual Studio 2010\Projects\superraytracer\superraytracer\superraytracer\Debug\link.6736-cvtres.read.1.tlog
C:\Users\STARBLUE\Documents\Visual Studio 2010\Projects\superraytracer\superraytracer\superraytracer\Debug\link.6736-cvtres.write.1.tlog
C:\Users\STARBLUE\Documents\Visual Studio 2010\Projects\superraytracer\superraytracer\superraytracer\Debug\link.command.1.tlog
C:\Users\STARBLUE\Documents\Visual Studio 2010\Projects\superraytracer\superraytracer\superraytracer\Debug\link.read.1.tlog
C:\Users\STARBLUE\Documents\Visual Studio 2010\Projects\superraytracer\superraytracer\superraytracer\Debug\link.write.1.tlog
C:\Users\STARBLUE\Documents\Visual Studio 2010\Projects\superraytracer\superraytracer\superraytracer\Debug\link-cvtres.read.1.tlog
C:\Users\STARBLUE\Documents\Visual Studio 2010\Projects\superraytracer\superraytracer\superraytracer\Debug\link-cvtres.write.1.tlog
C:\USERS\STARBLUE\DOCUMENTS\VISUAL STUDIO 2010\PROJECTS\SUPERRAYTRACER\SUPERRAYTRACER\SUPERRAYTRACER\DEBUG\MAIN.OBJ
C:\Users\STARBLUE\Documents\Visual Studio 2010\Projects\superraytracer\superraytracer\superraytracer\Debug\mt.command.1.tlog
C:\Users\STARBLUE\Documents\Visual Studio 2010\Projects\superraytracer\superraytracer\superraytracer\Debug\mt.read.1.tlog
C:\Users\STARBLUE\Documents\Visual Studio 2010\Projects\superraytracer\superraytracer\superraytracer\Debug\mt.write.1.tlog
C:\Users\STARBLUE\Documents\Visual Studio 2010\Projects\superraytracer\superraytracer\superraytracer\Debug\rc.command.1.tlog
C:\Users\STARBLUE\Documents\Visual Studio 2010\Projects\superraytracer\superraytracer\superraytracer\Debug\rc.read.1.tlog
C:\Users\STARBLUE\Documents\Visual Studio 2010\Projects\superraytracer\superraytracer\superraytracer\Debug\rc.write.1.tlog
C:\USERS\STARBLUE\DOCUMENTS\VISUAL STUDIO 2010\PROJECTS\SUPERRAYTRACER\SUPERRAYTRACER\SUPERRAYTRACER\DEBUG\SUPERRAYTRACER.EXE.EMBED.MANIFEST
C:\USERS\STARBLUE\DOCUMENTS\VISUAL STUDIO 2010\PROJECTS\SUPERRAYTRACER\SUPERRAYTRACER\SUPERRAYTRACER\DEBUG\SUPERRAYTRACER.EXE.EMBED.MANIFEST.RES
C:\Users\STARBLUE\Documents\Visual Studio 2010\Projects\superraytracer\superraytracer\superraytracer\Debug\superraytracer.exe.intermediate.manifest
C:\Users\STARBLUE\Documents\Visual Studio 2010\Projects\superraytracer\superraytracer\superraytracer\Debug\superraytracer_manifest.rc
C:\Users\STARBLUE\Documents\Visual Studio 2010\Projects\superraytracer\superraytracer\superraytracer\Debug\vc100.idb
C:\USERS\STARBLUE\DOCUMENTS\VISUAL STUDIO 2010\PROJECTS\SUPERRAYTRACER\SUPERRAYTRACER\SUPERRAYTRACER\DEBUG\VC100.PDB
