Build started 10/03/2012 7:21:08 PM.
     1>Project "C:\Users\STARBLUE\Documents\Visual Studio 2010\Projects\superraytracer\superraytracer\superraytracer.vcxproj" on node 2 (build target(s)).
     1>InitializeBuildStatus:
         Creating "Debug\superraytracer.unsuccessfulbuild" because "AlwaysCreate" was specified.
       AddCudaCompileDeps:
       Skipping target "AddCudaCompileDeps" because all output files are up-to-date with respect to the input files.
       AddCudaCompilePropsDeps:
         Found "CudaToolkitCustomDir".
         Found "AdditionalDeps".
         Found "CompileOut".
         Found "Include".
         Found "Keep".
         Found "KeepDir".
         Found "NvccCompilation".
         Found "NvccPath".
         Found "RequiredIncludes".
         Found "TargetMachinePlatform".
         Found "CInterleavedPTX".
         Found "CodeGeneration".
         Found "GPUDebugInfo".
         Found "MaxRegCount".
         Found "PtxAsOptionV".
         Found "Defines".
         Found "Emulation".
         Found "HostDebugInfo".
         Found "FastMath".
         Found "Optimization".
         Found "Runtime".
         Found "RuntimeChecks".
         Found "TypeInfo".
         Found "Warning".
         Found "AdditionalOptions".
         Found "CommandLineTemplate".
       CudaBuild:
       Skipping target "CudaBuild" because all output files are up-to-date with respect to the input files.
       ClCompile:
         c:\Program Files (x86)\Microsoft Visual Studio 10.0\VC\bin\CL.exe /c /I"C:\Program Files\NVIDIA GPU Computing Toolkit\CUDA\v4.1\include" /ZI /nologo /W4 /WX- /Od /Oy- /D _CRT_SECURE_NO_WARNINGS /Gm /EHsc /RTC1 /MDd /GS /fp:precise /Zc:wchar_t /Zc:forScope /Fo"Debug\\" /Fd"Debug\vc100.pdb" /Gd /TP /analyze- /errorReport:prompt main.cpp
         Skipping... (no relevant changes detected)
         main.cpp
       ManifestResourceCompile:
         C:\Program Files (x86)\Microsoft SDKs\Windows\v7.0A\bin\rc.exe /nologo /fo"Debug\superraytracer.exe.embed.manifest.res" Debug\superraytracer_manifest.rc 
       Link:
         c:\Program Files (x86)\Microsoft Visual Studio 10.0\VC\bin\link.exe /ERRORREPORT:PROMPT /OUT:"C:\Users\STARBLUE\Documents\Visual Studio 2010\Projects\superraytracer\Debug\superraytracer.exe" /INCREMENTAL /NOLOGO /LIBPATH:"C:\Program Files\NVIDIA GPU Computing Toolkit\CUDA\v4.1\lib\Win32" cudart.lib kernel32.lib user32.lib gdi32.lib winspool.lib comdlg32.lib advapi32.lib shell32.lib ole32.lib oleaut32.lib uuid.lib odbc32.lib odbccp32.lib glew32.lib freeglut.lib kernel32.lib user32.lib gdi32.lib winspool.lib comdlg32.lib advapi32.lib shell32.lib ole32.lib oleaut32.lib uuid.lib odbc32.lib odbccp32.lib /MANIFEST /ManifestFile:"Debug\superraytracer.exe.intermediate.manifest" /MANIFESTUAC:"level='asInvoker' uiAccess='false'" /DEBUG /PDB:"C:\Users\STARBLUE\Documents\Visual Studio 2010\Projects\superraytracer\Debug\superraytracer.pdb" /SUBSYSTEM:WINDOWS /TLBID:1 /DYNAMICBASE /NXCOMPAT /IMPLIB:"C:\Users\STARBLUE\Documents\Visual Studio 2010\Projects\superraytracer\Debug\superraytracer.lib" /MACHINE:X86 Debug\kernel.cu.obj
         Debug\superraytracer.exe.embed.manifest.res
         Debug\main.obj
     1>kernel.cu.obj : warning LNK4099: PDB 'vc100.pdb' was not found with 'kernel.cu.obj' or at 'C:\Users\STARBLUE\Documents\Visual Studio 2010\Projects\superraytracer\Debug\vc100.pdb'; linking object as if no debug info
       Manifest:
         C:\Program Files (x86)\Microsoft SDKs\Windows\v7.0A\bin\mt.exe /nologo /verbose /out:"Debug\superraytracer.exe.embed.manifest" /manifest Debug\superraytracer.exe.intermediate.manifest
         All outputs are up-to-date.
       LinkEmbedManifest:
         All outputs are up-to-date.
         superraytracer.vcxproj -> C:\Users\STARBLUE\Documents\Visual Studio 2010\Projects\superraytracer\Debug\superraytracer.exe
       PostBuildEvent:
         echo copy "C:\Program Files\NVIDIA GPU Computing Toolkit\CUDA\v4.1\bin\cudart*.dll" "C:\Users\STARBLUE\Documents\Visual Studio 2010\Projects\superraytracer\Debug\"
         copy "C:\Program Files\NVIDIA GPU Computing Toolkit\CUDA\v4.1\bin\cudart*.dll" "C:\Users\STARBLUE\Documents\Visual Studio 2010\Projects\superraytracer\Debug\"
         :VCEnd
         copy "C:\Program Files\NVIDIA GPU Computing Toolkit\CUDA\v4.1\bin\cudart*.dll" "C:\Users\STARBLUE\Documents\Visual Studio 2010\Projects\superraytracer\Debug\"
         C:\Program Files\NVIDIA GPU Computing Toolkit\CUDA\v4.1\bin\cudart32_41_28.dll
         C:\Program Files\NVIDIA GPU Computing Toolkit\CUDA\v4.1\bin\cudart64_41_28.dll
         已复制         2 个文件。
       FinalizeBuildStatus:
         Deleting file "Debug\superraytracer.unsuccessfulbuild".
         Touching "Debug\superraytracer.lastbuildstate".
     1>Done Building Project "C:\Users\STARBLUE\Documents\Visual Studio 2010\Projects\superraytracer\superraytracer\superraytracer.vcxproj" (build target(s)).

Build succeeded.

Time Elapsed 00:00:01.12
